# JRE version: OpenJDK Runtime Environment (17.0+7) (build 17-loom+7-342)
# Java VM: OpenJDK 64-Bit Server VM (17-loom+7-342, mixed mode, sharing, tiered, compressed oops, compressed class ptrs, g1 gc, windows-amd64)
GC Precious Log:
 CPUs: 8 total, 8 available
 Memory: 32172M
 Large Page Support: Disabled
 NUMA Support: Disabled
 Compressed Oops: Enabled (Zero based)
 Heap Region Size: 4M
 Heap Min Capacity: 8M
 Heap Initial Capacity: 504M
 Heap Max Capacity: 8044M
 Pre-touch: Disabled
 Parallel Workers: 8
 Concurrent Workers: 2
 Concurrent Refinement Workers: 8
 Periodic GC: Disabled
Heap:
 garbage-first heap   total 1064960K, used 335661K [0x0000000609400000, 0x0000000800000000)
  region size 4096K, 5 young (20480K), 0 survivors (0K)
 Metaspace       used 13286K, committed 13568K, reserved 1064960K
  class space    used 1586K, committed 1728K, reserved 1048576K
GC Heap History (20 events):
Event: 2.022 GC heap after
{Heap after GC invocations=3 (full 0):
 garbage-first heap   total 516096K, used 31872K [0x0000000609400000, 0x0000000800000000)
  region size 4096K, 2 young (8192K), 2 survivors (8192K)
 Metaspace       used 12654K, committed 12928K, reserved 1064960K
  class space    used 1583K, committed 1728K, reserved 1048576K
}
Event: 2.337 GC heap before
{Heap before GC invocations=3 (full 0):
 garbage-first heap   total 516096K, used 72832K [0x0000000609400000, 0x0000000800000000)
  region size 4096K, 12 young (49152K), 2 survivors (8192K)
 Metaspace       used 12706K, committed 12928K, reserved 1064960K
  class space    used 1585K, committed 1728K, reserved 1048576K
}
Event: 2.348 GC heap after
{Heap after GC invocations=4 (full 0):
 garbage-first heap   total 516096K, used 40277K [0x0000000609400000, 0x0000000800000000)
  region size 4096K, 2 young (8192K), 2 survivors (8192K)
 Metaspace       used 12706K, committed 12928K, reserved 1064960K
  class space    used 1585K, committed 1728K, reserved 1048576K
}
Event: 2.757 GC heap before
{Heap before GC invocations=4 (full 0):
 garbage-first heap   total 516096K, used 89429K [0x0000000609400000, 0x0000000800000000)
  region size 4096K, 14 young (57344K), 2 survivors (8192K)
 Metaspace       used 12809K, committed 13120K, reserved 1064960K
  class space    used 1586K, committed 1728K, reserved 1048576K
}
Event: 2.769 GC heap after
{Heap after GC invocations=5 (full 0):
 garbage-first heap   total 516096K, used 51025K [0x0000000609400000, 0x0000000800000000)
  region size 4096K, 2 young (8192K), 2 survivors (8192K)
 Metaspace       used 12809K, committed 13120K, reserved 1064960K
  class space    used 1586K, committed 1728K, reserved 1048576K
}
Event: 4.458 GC heap before
{Heap before GC invocations=5 (full 0):
 garbage-first heap   total 516096K, used 350033K [0x0000000609400000, 0x0000000800000000)
  region size 4096K, 75 young (307200K), 2 survivors (8192K)
 Metaspace       used 13136K, committed 13376K, reserved 1064960K
  class space    used 1586K, committed 1728K, reserved 1048576K
}
Event: 4.511 GC heap after
{Heap after GC invocations=6 (full 0):
 garbage-first heap   total 651264K, used 165089K [0x0000000609400000, 0x0000000800000000)
  region size 4096K, 9 young (36864K), 9 survivors (36864K)
 Metaspace       used 13136K, committed 13376K, reserved 1064960K
  class space    used 1586K, committed 1728K, reserved 1048576K
}
Event: 4.806 GC heap before
{Heap before GC invocations=6 (full 0):
 garbage-first heap   total 651264K, used 177377K [0x0000000609400000, 0x0000000800000000)
  region size 4096K, 13 young (53248K), 9 survivors (36864K)
 Metaspace       used 13255K, committed 13504K, reserved 1064960K
  class space    used 1586K, committed 1728K, reserved 1048576K
}
Event: 4.875 GC heap after
{Heap after GC invocations=7 (full 1):
 garbage-first heap   total 532480K, used 152099K [0x0000000609400000, 0x0000000800000000)
  region size 4096K, 0 young (0K), 0 survivors (0K)
 Metaspace       used 13255K, committed 13504K, reserved 1064960K
  class space    used 1586K, committed 1728K, reserved 1048576K
}
Event: 5.302 GC heap before
{Heap before GC invocations=7 (full 1):
 garbage-first heap   total 532480K, used 303651K [0x0000000609400000, 0x0000000800000000)
  region size 4096K, 38 young (155648K), 0 survivors (0K)
 Metaspace       used 13257K, committed 13504K, reserved 1064960K
  class space    used 1586K, committed 1728K, reserved 1048576K
}
Event: 5.325 GC heap after
{Heap after GC invocations=8 (full 1):
 garbage-first heap   total 532480K, used 245341K [0x0000000609400000, 0x0000000800000000)
  region size 4096K, 5 young (20480K), 5 survivors (20480K)
 Metaspace       used 13257K, committed 13504K, reserved 1064960K
  class space    used 1586K, committed 1728K, reserved 1048576K
}
Event: 5.472 GC heap before
{Heap before GC invocations=8 (full 1):
 garbage-first heap   total 532480K, used 343645K [0x0000000609400000, 0x0000000800000000)
  region size 4096K, 30 young (122880K), 5 survivors (20480K)
 Metaspace       used 13258K, committed 13504K, reserved 1064960K
  class space    used 1586K, committed 1728K, reserved 1048576K
}
Event: 5.503 GC heap after
{Heap after GC invocations=9 (full 1):
 garbage-first heap   total 532480K, used 323307K [0x0000000609400000, 0x0000000800000000)
  region size 4096K, 4 young (16384K), 4 survivors (16384K)
 Metaspace       used 13258K, committed 13504K, reserved 1064960K
  class space    used 1586K, committed 1728K, reserved 1048576K
}
Event: 5.872 GC heap before
{Heap before GC invocations=9 (full 1):
 garbage-first heap   total 532480K, used 376555K [0x0000000609400000, 0x0000000800000000)
  region size 4096K, 18 young (73728K), 4 survivors (16384K)
 Metaspace       used 13261K, committed 13504K, reserved 1064960K
  class space    used 1586K, committed 1728K, reserved 1048576K
}
Event: 5.887 GC heap after
{Heap after GC invocations=10 (full 1):
 garbage-first heap   total 532480K, used 341829K [0x0000000609400000, 0x0000000800000000)
  region size 4096K, 2 young (8192K), 2 survivors (8192K)
 Metaspace       used 13261K, committed 13504K, reserved 1064960K
  class space    used 1586K, committed 1728K, reserved 1048576K
}
Event: 6.352 GC heap before
{Heap before GC invocations=10 (full 1):
 garbage-first heap   total 532480K, used 390981K [0x0000000609400000, 0x0000000800000000)
  region size 4096K, 15 young (61440K), 2 survivors (8192K)
 Metaspace       used 13275K, committed 13568K, reserved 1064960K
  class space    used 1586K, committed 1728K, reserved 1048576K
}
Event: 6.360 GC heap after
{Heap after GC invocations=11 (full 1):
 garbage-first heap   total 1064960K, used 351175K [0x0000000609400000, 0x0000000800000000)
  region size 4096K, 2 young (8192K), 2 survivors (8192K)
 Metaspace       used 13275K, committed 13568K, reserved 1064960K
  class space    used 1586K, committed 1728K, reserved 1048576K
}
Event: 6.549 GC heap before
{Heap before GC invocations=11 (full 1):
 garbage-first heap   total 1064960K, used 367559K [0x0000000609400000, 0x0000000800000000)
  region size 4096K, 8 young (32768K), 2 survivors (8192K)
 Metaspace       used 13275K, committed 13568K, reserved 1064960K
  class space    used 1586K, committed 1728K, reserved 1048576K
}
Event: 6.665 GC heap after
{Heap after GC invocations=12 (full 2):
 garbage-first heap   total 1064960K, used 315645K [0x0000000609400000, 0x0000000800000000)
  region size 4096K, 0 young (0K), 0 survivors (0K)
 Metaspace       used 13275K, committed 13568K, reserved 1064960K
  class space    used 1586K, committed 1728K, reserved 1048576K
}
Event: 6.776 GC heap before
{Heap before GC invocations=12 (full 2):
 garbage-first heap   total 1064960K, used 327933K [0x0000000609400000, 0x0000000800000000)
  region size 4096K, 5 young (20480K), 0 survivors (0K)
 Metaspace       used 13286K, committed 13568K, reserved 1064960K
  class space    used 1586K, committed 1728K, reserved 1048576K
}

